Base path: /Applications/Unity/Unity.app/Contents
Cmd: getPlatforms
Cmd: compileSnippet
  api=15 type=0 insize=1642 outsize=6359 kw=SOFTPARTICLES_OFF pd=UNITY_ENABLE_REFLECTION_BUFFERS UNITY_PBS_USE_BRDF1 UNITY_SPECCUBE_BOX_PROJECTION UNITY_SPECCUBE_BLENDING SHADER_API_DESKTOP UNITY_TEXTURE_ALPHASPLIT_ALLOWED ok=1
Cmd: compileSnippet
  api=15 type=1 insize=1642 outsize=0 kw=SOFTPARTICLES_OFF pd=UNITY_ENABLE_REFLECTION_BUFFERS UNITY_PBS_USE_BRDF1 UNITY_SPECCUBE_BOX_PROJECTION UNITY_SPECCUBE_BLENDING SHADER_API_DESKTOP UNITY_TEXTURE_ALPHASPLIT_ALLOWED ok=1
Cmd: compileSnippet
  api=15 type=0 insize=751 outsize=8164 kw=SHADOWS_DEPTH _ALPHABLEND_ON pd=UNITY_ENABLE_REFLECTION_BUFFERS UNITY_PBS_USE_BRDF1 UNITY_SPECCUBE_BOX_PROJECTION UNITY_SPECCUBE_BLENDING SHADER_API_DESKTOP UNITY_TEXTURE_ALPHASPLIT_ALLOWED ok=1
Cmd: compileSnippet
  api=15 type=1 insize=751 outsize=0 kw=SHADOWS_DEPTH _ALPHABLEND_ON pd=UNITY_ENABLE_REFLECTION_BUFFERS UNITY_PBS_USE_BRDF1 UNITY_SPECCUBE_BOX_PROJECTION UNITY_SPECCUBE_BLENDING SHADER_API_DESKTOP UNITY_TEXTURE_ALPHASPLIT_ALLOWED ok=1
Cmd: compileSnippet
  api=15 type=0 insize=970 outsize=18388 kw=DIRECTIONAL SHADOWS_OFF LIGHTMAP_OFF DIRLIGHTMAP_OFF DYNAMICLIGHTMAP_OFF _PARALLAXMAP _DETAIL_MULX2 _METALLICGLOSSMAP _ALPHABLEND_ON _NORMALMAP pd=UNITY_ENABLE_REFLECTION_BUFFERS UNITY_PBS_USE_BRDF1 UNITY_SPECCUBE_BOX_PROJECTION UNITY_SPECCUBE_BLENDING SHADER_API_DESKTOP UNITY_TEXTURE_ALPHASPLIT_ALLOWED ok=1
Cmd: compileSnippet
  api=15 type=1 insize=970 outsize=0 kw=DIRECTIONAL SHADOWS_OFF LIGHTMAP_OFF DIRLIGHTMAP_OFF DYNAMICLIGHTMAP_OFF _PARALLAXMAP _DETAIL_MULX2 _METALLICGLOSSMAP _ALPHABLEND_ON _NORMALMAP pd=UNITY_ENABLE_REFLECTION_BUFFERS UNITY_PBS_USE_BRDF1 UNITY_SPECCUBE_BOX_PROJECTION UNITY_SPECCUBE_BLENDING SHADER_API_DESKTOP UNITY_TEXTURE_ALPHASPLIT_ALLOWED ok=1
Cmd: compileSnippet
  api=15 type=0 insize=1705 outsize=6359 kw=SOFTPARTICLES_OFF pd=UNITY_ENABLE_REFLECTION_BUFFERS UNITY_PBS_USE_BRDF1 UNITY_SPECCUBE_BOX_PROJECTION UNITY_SPECCUBE_BLENDING SHADER_API_DESKTOP UNITY_TEXTURE_ALPHASPLIT_ALLOWED ok=1
Cmd: compileSnippet
  api=15 type=1 insize=1705 outsize=0 kw=SOFTPARTICLES_OFF pd=UNITY_ENABLE_REFLECTION_BUFFERS UNITY_PBS_USE_BRDF1 UNITY_SPECCUBE_BOX_PROJECTION UNITY_SPECCUBE_BLENDING SHADER_API_DESKTOP UNITY_TEXTURE_ALPHASPLIT_ALLOWED ok=1
Cmd: compileSnippet
  api=15 type=0 insize=927 outsize=14245 kw=DIRECTIONAL SHADOWS_OFF _PARALLAXMAP _DETAIL_MULX2 _METALLICGLOSSMAP _ALPHABLEND_ON _NORMALMAP pd=UNITY_ENABLE_REFLECTION_BUFFERS UNITY_PBS_USE_BRDF1 UNITY_SPECCUBE_BOX_PROJECTION UNITY_SPECCUBE_BLENDING SHADER_API_DESKTOP UNITY_TEXTURE_ALPHASPLIT_ALLOWED ok=1
Cmd: compileSnippet
  api=15 type=1 insize=927 outsize=0 kw=DIRECTIONAL SHADOWS_OFF _PARALLAXMAP _DETAIL_MULX2 _METALLICGLOSSMAP _ALPHABLEND_ON _NORMALMAP pd=UNITY_ENABLE_REFLECTION_BUFFERS UNITY_PBS_USE_BRDF1 UNITY_SPECCUBE_BOX_PROJECTION UNITY_SPECCUBE_BLENDING SHADER_API_DESKTOP UNITY_TEXTURE_ALPHASPLIT_ALLOWED ok=1
Cmd: compileSnippet
  api=15 type=0 insize=751 outsize=6451 kw=SHADOWS_CUBE pd=UNITY_ENABLE_REFLECTION_BUFFERS UNITY_PBS_USE_BRDF1 UNITY_SPECCUBE_BOX_PROJECTION UNITY_SPECCUBE_BLENDING SHADER_API_DESKTOP UNITY_TEXTURE_ALPHASPLIT_ALLOWED ok=1
Cmd: compileSnippet
  api=15 type=1 insize=751 outsize=0 kw=SHADOWS_CUBE pd=UNITY_ENABLE_REFLECTION_BUFFERS UNITY_PBS_USE_BRDF1 UNITY_SPECCUBE_BOX_PROJECTION UNITY_SPECCUBE_BLENDING SHADER_API_DESKTOP UNITY_TEXTURE_ALPHASPLIT_ALLOWED ok=1
Cmd: compileSnippet
  api=15 type=0 insize=927 outsize=12762 kw=POINT SHADOWS_CUBE pd=UNITY_ENABLE_REFLECTION_BUFFERS UNITY_PBS_USE_BRDF1 UNITY_SPECCUBE_BOX_PROJECTION UNITY_SPECCUBE_BLENDING SHADER_API_DESKTOP UNITY_TEXTURE_ALPHASPLIT_ALLOWED ok=1
Cmd: compileSnippet
  api=15 type=1 insize=927 outsize=0 kw=POINT SHADOWS_CUBE pd=UNITY_ENABLE_REFLECTION_BUFFERS UNITY_PBS_USE_BRDF1 UNITY_SPECCUBE_BOX_PROJECTION UNITY_SPECCUBE_BLENDING SHADER_API_DESKTOP UNITY_TEXTURE_ALPHASPLIT_ALLOWED ok=1
Cmd: compileSnippet
  api=15 type=0 insize=970 outsize=15704 kw=DIRECTIONAL SHADOWS_SCREEN LIGHTMAP_OFF DIRLIGHTMAP_OFF DYNAMICLIGHTMAP_OFF pd=UNITY_ENABLE_REFLECTION_BUFFERS UNITY_PBS_USE_BRDF1 UNITY_SPECCUBE_BOX_PROJECTION UNITY_SPECCUBE_BLENDING SHADER_API_DESKTOP UNITY_TEXTURE_ALPHASPLIT_ALLOWED ok=1
Cmd: compileSnippet
  api=15 type=1 insize=970 outsize=0 kw=DIRECTIONAL SHADOWS_SCREEN LIGHTMAP_OFF DIRLIGHTMAP_OFF DYNAMICLIGHTMAP_OFF pd=UNITY_ENABLE_REFLECTION_BUFFERS UNITY_PBS_USE_BRDF1 UNITY_SPECCUBE_BOX_PROJECTION UNITY_SPECCUBE_BLENDING SHADER_API_DESKTOP UNITY_TEXTURE_ALPHASPLIT_ALLOWED ok=1
Cmd: compileSnippet
  api=15 type=0 insize=751 outsize=7021 kw=SHADOWS_CUBE _ALPHABLEND_ON pd=UNITY_ENABLE_REFLECTION_BUFFERS UNITY_PBS_USE_BRDF1 UNITY_SPECCUBE_BOX_PROJECTION UNITY_SPECCUBE_BLENDING SHADER_API_DESKTOP UNITY_TEXTURE_ALPHASPLIT_ALLOWED ok=1
Cmd: compileSnippet
  api=15 type=1 insize=751 outsize=0 kw=SHADOWS_CUBE _ALPHABLEND_ON pd=UNITY_ENABLE_REFLECTION_BUFFERS UNITY_PBS_USE_BRDF1 UNITY_SPECCUBE_BOX_PROJECTION UNITY_SPECCUBE_BLENDING SHADER_API_DESKTOP UNITY_TEXTURE_ALPHASPLIT_ALLOWED ok=1
Cmd: compileSnippet
  api=15 type=0 insize=927 outsize=15005 kw=POINT SHADOWS_OFF _PARALLAXMAP _DETAIL_MULX2 _METALLICGLOSSMAP _ALPHABLEND_ON _NORMALMAP pd=UNITY_ENABLE_REFLECTION_BUFFERS UNITY_PBS_USE_BRDF1 UNITY_SPECCUBE_BOX_PROJECTION UNITY_SPECCUBE_BLENDING SHADER_API_DESKTOP UNITY_TEXTURE_ALPHASPLIT_ALLOWED ok=1
Cmd: compileSnippet
  api=15 type=1 insize=927 outsize=0 kw=POINT SHADOWS_OFF _PARALLAXMAP _DETAIL_MULX2 _METALLICGLOSSMAP _ALPHABLEND_ON _NORMALMAP pd=UNITY_ENABLE_REFLECTION_BUFFERS UNITY_PBS_USE_BRDF1 UNITY_SPECCUBE_BOX_PROJECTION UNITY_SPECCUBE_BLENDING SHADER_API_DESKTOP UNITY_TEXTURE_ALPHASPLIT_ALLOWED ok=1
Cmd: compileSnippet
  api=15 type=0 insize=970 outsize=16255 kw=DIRECTIONAL SHADOWS_OFF LIGHTMAP_OFF DIRLIGHTMAP_OFF DYNAMICLIGHTMAP_OFF _ALPHABLEND_ON _NORMALMAP pd=UNITY_ENABLE_REFLECTION_BUFFERS UNITY_PBS_USE_BRDF1 UNITY_SPECCUBE_BOX_PROJECTION UNITY_SPECCUBE_BLENDING SHADER_API_DESKTOP UNITY_TEXTURE_ALPHASPLIT_ALLOWED ok=1
Cmd: compileSnippet
  api=15 type=1 insize=970 outsize=0 kw=DIRECTIONAL SHADOWS_OFF LIGHTMAP_OFF DIRLIGHTMAP_OFF DYNAMICLIGHTMAP_OFF _ALPHABLEND_ON _NORMALMAP pd=UNITY_ENABLE_REFLECTION_BUFFERS UNITY_PBS_USE_BRDF1 UNITY_SPECCUBE_BOX_PROJECTION UNITY_SPECCUBE_BLENDING SHADER_API_DESKTOP UNITY_TEXTURE_ALPHASPLIT_ALLOWED ok=1
Cmd: compileSnippet
  api=15 type=0 insize=927 outsize=11978 kw=DIRECTIONAL SHADOWS_OFF _ALPHABLEND_ON _NORMALMAP pd=UNITY_ENABLE_REFLECTION_BUFFERS UNITY_PBS_USE_BRDF1 UNITY_SPECCUBE_BOX_PROJECTION UNITY_SPECCUBE_BLENDING SHADER_API_DESKTOP UNITY_TEXTURE_ALPHASPLIT_ALLOWED ok=1
Cmd: compileSnippet
  api=15 type=1 insize=927 outsize=0 kw=DIRECTIONAL SHADOWS_OFF _ALPHABLEND_ON _NORMALMAP pd=UNITY_ENABLE_REFLECTION_BUFFERS UNITY_PBS_USE_BRDF1 UNITY_SPECCUBE_BOX_PROJECTION UNITY_SPECCUBE_BLENDING SHADER_API_DESKTOP UNITY_TEXTURE_ALPHASPLIT_ALLOWED ok=1
Cmd: compileSnippet
  api=15 type=0 insize=927 outsize=12762 kw=POINT SHADOWS_OFF _ALPHABLEND_ON _NORMALMAP pd=UNITY_ENABLE_REFLECTION_BUFFERS UNITY_PBS_USE_BRDF1 UNITY_SPECCUBE_BOX_PROJECTION UNITY_SPECCUBE_BLENDING SHADER_API_DESKTOP UNITY_TEXTURE_ALPHASPLIT_ALLOWED ok=1
Cmd: compileSnippet
  api=15 type=1 insize=927 outsize=0 kw=POINT SHADOWS_OFF _ALPHABLEND_ON _NORMALMAP pd=UNITY_ENABLE_REFLECTION_BUFFERS UNITY_PBS_USE_BRDF1 UNITY_SPECCUBE_BOX_PROJECTION UNITY_SPECCUBE_BLENDING SHADER_API_DESKTOP UNITY_TEXTURE_ALPHASPLIT_ALLOWED ok=1
Cmd: compileSnippet
  api=15 type=0 insize=1705 outsize=7249 kw=SOFTPARTICLES_ON pd=UNITY_ENABLE_REFLECTION_BUFFERS UNITY_PBS_USE_BRDF1 UNITY_SPECCUBE_BOX_PROJECTION UNITY_SPECCUBE_BLENDING SHADER_API_DESKTOP UNITY_TEXTURE_ALPHASPLIT_ALLOWED ok=1
Cmd: compileSnippet
  api=15 type=1 insize=1705 outsize=0 kw=SOFTPARTICLES_ON pd=UNITY_ENABLE_REFLECTION_BUFFERS UNITY_PBS_USE_BRDF1 UNITY_SPECCUBE_BOX_PROJECTION UNITY_SPECCUBE_BLENDING SHADER_API_DESKTOP UNITY_TEXTURE_ALPHASPLIT_ALLOWED ok=1
Cmd: compileSnippet
  api=15 type=0 insize=970 outsize=16411 kw=DIRECTIONAL SHADOWS_OFF LIGHTMAP_OFF DIRLIGHTMAP_OFF DYNAMICLIGHTMAP_OFF _EMISSION _ALPHABLEND_ON _NORMALMAP pd=UNITY_ENABLE_REFLECTION_BUFFERS UNITY_PBS_USE_BRDF1 UNITY_SPECCUBE_BOX_PROJECTION UNITY_SPECCUBE_BLENDING SHADER_API_DESKTOP UNITY_TEXTURE_ALPHASPLIT_ALLOWED ok=1
Cmd: compileSnippet
  api=15 type=1 insize=970 outsize=0 kw=DIRECTIONAL SHADOWS_OFF LIGHTMAP_OFF DIRLIGHTMAP_OFF DYNAMICLIGHTMAP_OFF _EMISSION _ALPHABLEND_ON _NORMALMAP pd=UNITY_ENABLE_REFLECTION_BUFFERS UNITY_PBS_USE_BRDF1 UNITY_SPECCUBE_BOX_PROJECTION UNITY_SPECCUBE_BLENDING SHADER_API_DESKTOP UNITY_TEXTURE_ALPHASPLIT_ALLOWED ok=1
Cmd: compileSnippet
  api=15 type=0 insize=970 outsize=18527 kw=DIRECTIONAL SHADOWS_OFF LIGHTMAP_OFF DIRLIGHTMAP_OFF DYNAMICLIGHTMAP_OFF _EMISSION _PARALLAXMAP _DETAIL_MULX2 _METALLICGLOSSMAP _ALPHABLEND_ON _NORMALMAP pd=UNITY_ENABLE_REFLECTION_BUFFERS UNITY_PBS_USE_BRDF1 UNITY_SPECCUBE_BOX_PROJECTION UNITY_SPECCUBE_BLENDING SHADER_API_DESKTOP UNITY_TEXTURE_ALPHASPLIT_ALLOWED ok=1
Cmd: compileSnippet
  api=15 type=1 insize=970 outsize=0 kw=DIRECTIONAL SHADOWS_OFF LIGHTMAP_OFF DIRLIGHTMAP_OFF DYNAMICLIGHTMAP_OFF _EMISSION _PARALLAXMAP _DETAIL_MULX2 _METALLICGLOSSMAP _ALPHABLEND_ON _NORMALMAP pd=UNITY_ENABLE_REFLECTION_BUFFERS UNITY_PBS_USE_BRDF1 UNITY_SPECCUBE_BOX_PROJECTION UNITY_SPECCUBE_BLENDING SHADER_API_DESKTOP UNITY_TEXTURE_ALPHASPLIT_ALLOWED ok=1
Cmd: compileSnippet
  api=15 type=0 insize=970 outsize=15475 kw=DIRECTIONAL SHADOWS_OFF LIGHTMAP_OFF DIRLIGHTMAP_OFF DYNAMICLIGHTMAP_OFF _EMISSION _ALPHABLEND_ON pd=UNITY_ENABLE_REFLECTION_BUFFERS UNITY_PBS_USE_BRDF1 UNITY_SPECCUBE_BOX_PROJECTION UNITY_SPECCUBE_BLENDING SHADER_API_DESKTOP UNITY_TEXTURE_ALPHASPLIT_ALLOWED ok=1
Cmd: compileSnippet
  api=15 type=1 insize=970 outsize=0 kw=DIRECTIONAL SHADOWS_OFF LIGHTMAP_OFF DIRLIGHTMAP_OFF DYNAMICLIGHTMAP_OFF _EMISSION _ALPHABLEND_ON pd=UNITY_ENABLE_REFLECTION_BUFFERS UNITY_PBS_USE_BRDF1 UNITY_SPECCUBE_BOX_PROJECTION UNITY_SPECCUBE_BLENDING SHADER_API_DESKTOP UNITY_TEXTURE_ALPHASPLIT_ALLOWED ok=1
Cmd: compileSnippet
  api=15 type=0 insize=927 outsize=11525 kw=DIRECTIONAL SHADOWS_OFF _ALPHABLEND_ON pd=UNITY_ENABLE_REFLECTION_BUFFERS UNITY_PBS_USE_BRDF1 UNITY_SPECCUBE_BOX_PROJECTION UNITY_SPECCUBE_BLENDING SHADER_API_DESKTOP UNITY_TEXTURE_ALPHASPLIT_ALLOWED ok=1
Cmd: compileSnippet
  api=15 type=1 insize=927 outsize=0 kw=DIRECTIONAL SHADOWS_OFF _ALPHABLEND_ON pd=UNITY_ENABLE_REFLECTION_BUFFERS UNITY_PBS_USE_BRDF1 UNITY_SPECCUBE_BOX_PROJECTION UNITY_SPECCUBE_BLENDING SHADER_API_DESKTOP UNITY_TEXTURE_ALPHASPLIT_ALLOWED ok=1
Cmd: compileSnippet
  api=15 type=0 insize=970 outsize=18453 kw=DIRECTIONAL SHADOWS_OFF LIGHTMAP_OFF DIRLIGHTMAP_OFF DYNAMICLIGHTMAP_OFF _PARALLAXMAP _DETAIL_MULX2 _METALLICGLOSSMAP _NORMALMAP pd=UNITY_ENABLE_REFLECTION_BUFFERS UNITY_PBS_USE_BRDF1 UNITY_SPECCUBE_BOX_PROJECTION UNITY_SPECCUBE_BLENDING SHADER_API_DESKTOP UNITY_TEXTURE_ALPHASPLIT_ALLOWED ok=1
Cmd: compileSnippet
  api=15 type=1 insize=970 outsize=0 kw=DIRECTIONAL SHADOWS_OFF LIGHTMAP_OFF DIRLIGHTMAP_OFF DYNAMICLIGHTMAP_OFF _PARALLAXMAP _DETAIL_MULX2 _METALLICGLOSSMAP _NORMALMAP pd=UNITY_ENABLE_REFLECTION_BUFFERS UNITY_PBS_USE_BRDF1 UNITY_SPECCUBE_BOX_PROJECTION UNITY_SPECCUBE_BLENDING SHADER_API_DESKTOP UNITY_TEXTURE_ALPHASPLIT_ALLOWED ok=1
Cmd: compileSnippet
  api=15 type=0 insize=927 outsize=14230 kw=DIRECTIONAL SHADOWS_OFF _PARALLAXMAP _DETAIL_MULX2 _METALLICGLOSSMAP _NORMALMAP pd=UNITY_ENABLE_REFLECTION_BUFFERS UNITY_PBS_USE_BRDF1 UNITY_SPECCUBE_BOX_PROJECTION UNITY_SPECCUBE_BLENDING SHADER_API_DESKTOP UNITY_TEXTURE_ALPHASPLIT_ALLOWED ok=1
Cmd: compileSnippet
  api=15 type=1 insize=927 outsize=0 kw=DIRECTIONAL SHADOWS_OFF _PARALLAXMAP _DETAIL_MULX2 _METALLICGLOSSMAP _NORMALMAP pd=UNITY_ENABLE_REFLECTION_BUFFERS UNITY_PBS_USE_BRDF1 UNITY_SPECCUBE_BOX_PROJECTION UNITY_SPECCUBE_BLENDING SHADER_API_DESKTOP UNITY_TEXTURE_ALPHASPLIT_ALLOWED ok=1
Cmd: compileSnippet
  api=15 type=0 insize=970 outsize=16240 kw=DIRECTIONAL SHADOWS_OFF LIGHTMAP_OFF DIRLIGHTMAP_OFF DYNAMICLIGHTMAP_OFF _NORMALMAP pd=UNITY_ENABLE_REFLECTION_BUFFERS UNITY_PBS_USE_BRDF1 UNITY_SPECCUBE_BOX_PROJECTION UNITY_SPECCUBE_BLENDING SHADER_API_DESKTOP UNITY_TEXTURE_ALPHASPLIT_ALLOWED ok=1
Cmd: compileSnippet
  api=15 type=1 insize=970 outsize=0 kw=DIRECTIONAL SHADOWS_OFF LIGHTMAP_OFF DIRLIGHTMAP_OFF DYNAMICLIGHTMAP_OFF _NORMALMAP pd=UNITY_ENABLE_REFLECTION_BUFFERS UNITY_PBS_USE_BRDF1 UNITY_SPECCUBE_BOX_PROJECTION UNITY_SPECCUBE_BLENDING SHADER_API_DESKTOP UNITY_TEXTURE_ALPHASPLIT_ALLOWED ok=1
Cmd: compileSnippet
  api=15 type=0 insize=927 outsize=11963 kw=DIRECTIONAL SHADOWS_OFF _NORMALMAP pd=UNITY_ENABLE_REFLECTION_BUFFERS UNITY_PBS_USE_BRDF1 UNITY_SPECCUBE_BOX_PROJECTION UNITY_SPECCUBE_BLENDING SHADER_API_DESKTOP UNITY_TEXTURE_ALPHASPLIT_ALLOWED ok=1
Cmd: compileSnippet
  api=15 type=1 insize=927 outsize=0 kw=DIRECTIONAL SHADOWS_OFF _NORMALMAP pd=UNITY_ENABLE_REFLECTION_BUFFERS UNITY_PBS_USE_BRDF1 UNITY_SPECCUBE_BOX_PROJECTION UNITY_SPECCUBE_BLENDING SHADER_API_DESKTOP UNITY_TEXTURE_ALPHASPLIT_ALLOWED ok=1
Cmd: compileSnippet
  api=15 type=0 insize=1706 outsize=3709 kw=SOFTPARTICLES_OFF pd=UNITY_ENABLE_REFLECTION_BUFFERS UNITY_PBS_USE_BRDF1 UNITY_SPECCUBE_BOX_PROJECTION UNITY_SPECCUBE_BLENDING SHADER_API_DESKTOP UNITY_TEXTURE_ALPHASPLIT_ALLOWED ok=1
Cmd: compileSnippet
  api=15 type=1 insize=1706 outsize=0 kw=SOFTPARTICLES_OFF pd=UNITY_ENABLE_REFLECTION_BUFFERS UNITY_PBS_USE_BRDF1 UNITY_SPECCUBE_BOX_PROJECTION UNITY_SPECCUBE_BLENDING SHADER_API_DESKTOP UNITY_TEXTURE_ALPHASPLIT_ALLOWED ok=1
Cmd: compileSnippet
  api=15 type=0 insize=1706 outsize=7260 kw=SOFTPARTICLES_ON pd=UNITY_ENABLE_REFLECTION_BUFFERS UNITY_PBS_USE_BRDF1 UNITY_SPECCUBE_BOX_PROJECTION UNITY_SPECCUBE_BLENDING SHADER_API_DESKTOP UNITY_TEXTURE_ALPHASPLIT_ALLOWED ok=1
Cmd: compileSnippet
  api=15 type=1 insize=1706 outsize=0 kw=SOFTPARTICLES_ON pd=UNITY_ENABLE_REFLECTION_BUFFERS UNITY_PBS_USE_BRDF1 UNITY_SPECCUBE_BOX_PROJECTION UNITY_SPECCUBE_BLENDING SHADER_API_DESKTOP UNITY_TEXTURE_ALPHASPLIT_ALLOWED ok=1
Cmd: compileSnippet
  api=15 type=0 insize=1642 outsize=7249 kw=SOFTPARTICLES_ON pd=UNITY_ENABLE_REFLECTION_BUFFERS UNITY_PBS_USE_BRDF1 UNITY_SPECCUBE_BOX_PROJECTION UNITY_SPECCUBE_BLENDING SHADER_API_DESKTOP UNITY_TEXTURE_ALPHASPLIT_ALLOWED ok=1
Cmd: compileSnippet
  api=15 type=1 insize=1642 outsize=0 kw=SOFTPARTICLES_ON pd=UNITY_ENABLE_REFLECTION_BUFFERS UNITY_PBS_USE_BRDF1 UNITY_SPECCUBE_BOX_PROJECTION UNITY_SPECCUBE_BLENDING SHADER_API_DESKTOP UNITY_TEXTURE_ALPHASPLIT_ALLOWED ok=1
Cmd: compileSnippet
  api=15 type=0 insize=970 outsize=16642 kw=DIRECTIONAL SHADOWS_SCREEN LIGHTMAP_OFF DIRLIGHTMAP_OFF DYNAMICLIGHTMAP_OFF _NORMALMAP pd=UNITY_ENABLE_REFLECTION_BUFFERS UNITY_PBS_USE_BRDF1 UNITY_SPECCUBE_BOX_PROJECTION UNITY_SPECCUBE_BLENDING SHADER_API_DESKTOP UNITY_TEXTURE_ALPHASPLIT_ALLOWED ok=1
Cmd: compileSnippet
  api=15 type=1 insize=970 outsize=0 kw=DIRECTIONAL SHADOWS_SCREEN LIGHTMAP_OFF DIRLIGHTMAP_OFF DYNAMICLIGHTMAP_OFF _NORMALMAP pd=UNITY_ENABLE_REFLECTION_BUFFERS UNITY_PBS_USE_BRDF1 UNITY_SPECCUBE_BOX_PROJECTION UNITY_SPECCUBE_BLENDING SHADER_API_DESKTOP UNITY_TEXTURE_ALPHASPLIT_ALLOWED ok=1
Cmd: compileSnippet
  api=15 type=0 insize=970 outsize=18866 kw=DIRECTIONAL SHADOWS_SCREEN LIGHTMAP_OFF DIRLIGHTMAP_OFF DYNAMICLIGHTMAP_OFF _PARALLAXMAP _DETAIL_MULX2 _METALLICGLOSSMAP _NORMALMAP pd=UNITY_ENABLE_REFLECTION_BUFFERS UNITY_PBS_USE_BRDF1 UNITY_SPECCUBE_BOX_PROJECTION UNITY_SPECCUBE_BLENDING SHADER_API_DESKTOP UNITY_TEXTURE_ALPHASPLIT_ALLOWED ok=1
Cmd: compileSnippet
  api=15 type=1 insize=970 outsize=0 kw=DIRECTIONAL SHADOWS_SCREEN LIGHTMAP_OFF DIRLIGHTMAP_OFF DYNAMICLIGHTMAP_OFF _PARALLAXMAP _DETAIL_MULX2 _METALLICGLOSSMAP _NORMALMAP pd=UNITY_ENABLE_REFLECTION_BUFFERS UNITY_PBS_USE_BRDF1 UNITY_SPECCUBE_BOX_PROJECTION UNITY_SPECCUBE_BLENDING SHADER_API_DESKTOP UNITY_TEXTURE_ALPHASPLIT_ALLOWED ok=1
Cmd: compileSnippet
  api=15 type=0 insize=751 outsize=8164 kw=SHADOWS_DEPTH _ALPHAPREMULTIPLY_ON pd=UNITY_ENABLE_REFLECTION_BUFFERS UNITY_PBS_USE_BRDF1 UNITY_SPECCUBE_BOX_PROJECTION UNITY_SPECCUBE_BLENDING SHADER_API_DESKTOP UNITY_TEXTURE_ALPHASPLIT_ALLOWED ok=1
Cmd: compileSnippet
  api=15 type=1 insize=751 outsize=0 kw=SHADOWS_DEPTH _ALPHAPREMULTIPLY_ON pd=UNITY_ENABLE_REFLECTION_BUFFERS UNITY_PBS_USE_BRDF1 UNITY_SPECCUBE_BOX_PROJECTION UNITY_SPECCUBE_BLENDING SHADER_API_DESKTOP UNITY_TEXTURE_ALPHASPLIT_ALLOWED ok=1
Cmd: compileSnippet
  api=15 type=0 insize=970 outsize=16452 kw=DIRECTIONAL SHADOWS_OFF LIGHTMAP_OFF DIRLIGHTMAP_OFF DYNAMICLIGHTMAP_OFF _EMISSION _ALPHAPREMULTIPLY_ON _NORMALMAP pd=UNITY_ENABLE_REFLECTION_BUFFERS UNITY_PBS_USE_BRDF1 UNITY_SPECCUBE_BOX_PROJECTION UNITY_SPECCUBE_BLENDING SHADER_API_DESKTOP UNITY_TEXTURE_ALPHASPLIT_ALLOWED ok=1
Cmd: compileSnippet
  api=15 type=1 insize=970 outsize=0 kw=DIRECTIONAL SHADOWS_OFF LIGHTMAP_OFF DIRLIGHTMAP_OFF DYNAMICLIGHTMAP_OFF _EMISSION _ALPHAPREMULTIPLY_ON _NORMALMAP pd=UNITY_ENABLE_REFLECTION_BUFFERS UNITY_PBS_USE_BRDF1 UNITY_SPECCUBE_BOX_PROJECTION UNITY_SPECCUBE_BLENDING SHADER_API_DESKTOP UNITY_TEXTURE_ALPHASPLIT_ALLOWED ok=1
Cmd: compileSnippet
  api=15 type=0 insize=927 outsize=12020 kw=DIRECTIONAL SHADOWS_OFF _ALPHAPREMULTIPLY_ON _NORMALMAP pd=UNITY_ENABLE_REFLECTION_BUFFERS UNITY_PBS_USE_BRDF1 UNITY_SPECCUBE_BOX_PROJECTION UNITY_SPECCUBE_BLENDING SHADER_API_DESKTOP UNITY_TEXTURE_ALPHASPLIT_ALLOWED ok=1
Cmd: compileSnippet
  api=15 type=1 insize=927 outsize=0 kw=DIRECTIONAL SHADOWS_OFF _ALPHAPREMULTIPLY_ON _NORMALMAP pd=UNITY_ENABLE_REFLECTION_BUFFERS UNITY_PBS_USE_BRDF1 UNITY_SPECCUBE_BOX_PROJECTION UNITY_SPECCUBE_BLENDING SHADER_API_DESKTOP UNITY_TEXTURE_ALPHASPLIT_ALLOWED ok=1
Cmd: compileSnippet
  api=15 type=0 insize=970 outsize=15507 kw=DIRECTIONAL SHADOWS_OFF LIGHTMAP_OFF DIRLIGHTMAP_OFF DYNAMICLIGHTMAP_OFF _EMISSION _ALPHAPREMULTIPLY_ON pd=UNITY_ENABLE_REFLECTION_BUFFERS UNITY_PBS_USE_BRDF1 UNITY_SPECCUBE_BOX_PROJECTION UNITY_SPECCUBE_BLENDING SHADER_API_DESKTOP UNITY_TEXTURE_ALPHASPLIT_ALLOWED ok=1
Cmd: compileSnippet
  api=15 type=1 insize=970 outsize=0 kw=DIRECTIONAL SHADOWS_OFF LIGHTMAP_OFF DIRLIGHTMAP_OFF DYNAMICLIGHTMAP_OFF _EMISSION _ALPHAPREMULTIPLY_ON pd=UNITY_ENABLE_REFLECTION_BUFFERS UNITY_PBS_USE_BRDF1 UNITY_SPECCUBE_BOX_PROJECTION UNITY_SPECCUBE_BLENDING SHADER_API_DESKTOP UNITY_TEXTURE_ALPHASPLIT_ALLOWED ok=1
Cmd: compileSnippet
  api=15 type=0 insize=927 outsize=11567 kw=DIRECTIONAL SHADOWS_OFF _ALPHAPREMULTIPLY_ON pd=UNITY_ENABLE_REFLECTION_BUFFERS UNITY_PBS_USE_BRDF1 UNITY_SPECCUBE_BOX_PROJECTION UNITY_SPECCUBE_BLENDING SHADER_API_DESKTOP UNITY_TEXTURE_ALPHASPLIT_ALLOWED ok=1
Cmd: compileSnippet
  api=15 type=1 insize=927 outsize=0 kw=DIRECTIONAL SHADOWS_OFF _ALPHAPREMULTIPLY_ON pd=UNITY_ENABLE_REFLECTION_BUFFERS UNITY_PBS_USE_BRDF1 UNITY_SPECCUBE_BOX_PROJECTION UNITY_SPECCUBE_BLENDING SHADER_API_DESKTOP UNITY_TEXTURE_ALPHASPLIT_ALLOWED ok=1
Cmd: compileSnippet
  api=15 type=0 insize=970 outsize=18668 kw=DIRECTIONAL SHADOWS_OFF LIGHTMAP_OFF DIRLIGHTMAP_OFF DYNAMICLIGHTMAP_OFF _EMISSION _PARALLAXMAP _DETAIL_MULX2 _METALLICGLOSSMAP _ALPHAPREMULTIPLY_ON _NORMALMAP pd=UNITY_ENABLE_REFLECTION_BUFFERS UNITY_PBS_USE_BRDF1 UNITY_SPECCUBE_BOX_PROJECTION UNITY_SPECCUBE_BLENDING SHADER_API_DESKTOP UNITY_TEXTURE_ALPHASPLIT_ALLOWED ok=1
Cmd: compileSnippet
  api=15 type=1 insize=970 outsize=0 kw=DIRECTIONAL SHADOWS_OFF LIGHTMAP_OFF DIRLIGHTMAP_OFF DYNAMICLIGHTMAP_OFF _EMISSION _PARALLAXMAP _DETAIL_MULX2 _METALLICGLOSSMAP _ALPHAPREMULTIPLY_ON _NORMALMAP pd=UNITY_ENABLE_REFLECTION_BUFFERS UNITY_PBS_USE_BRDF1 UNITY_SPECCUBE_BOX_PROJECTION UNITY_SPECCUBE_BLENDING SHADER_API_DESKTOP UNITY_TEXTURE_ALPHASPLIT_ALLOWED ok=1
Cmd: compileSnippet
  api=15 type=0 insize=927 outsize=14235 kw=DIRECTIONAL SHADOWS_OFF _PARALLAXMAP _DETAIL_MULX2 _METALLICGLOSSMAP _ALPHAPREMULTIPLY_ON _NORMALMAP pd=UNITY_ENABLE_REFLECTION_BUFFERS UNITY_PBS_USE_BRDF1 UNITY_SPECCUBE_BOX_PROJECTION UNITY_SPECCUBE_BLENDING SHADER_API_DESKTOP UNITY_TEXTURE_ALPHASPLIT_ALLOWED ok=1
Cmd: compileSnippet
  api=15 type=1 insize=927 outsize=0 kw=DIRECTIONAL SHADOWS_OFF _PARALLAXMAP _DETAIL_MULX2 _METALLICGLOSSMAP _ALPHAPREMULTIPLY_ON _NORMALMAP pd=UNITY_ENABLE_REFLECTION_BUFFERS UNITY_PBS_USE_BRDF1 UNITY_SPECCUBE_BOX_PROJECTION UNITY_SPECCUBE_BLENDING SHADER_API_DESKTOP UNITY_TEXTURE_ALPHASPLIT_ALLOWED ok=1
Cmd: compileSnippet
  api=15 type=0 insize=970 outsize=16493 kw=DIRECTIONAL SHADOWS_OFF LIGHTMAP_OFF DIRLIGHTMAP_OFF DYNAMICLIGHTMAP_OFF _METALLICGLOSSMAP _NORMALMAP pd=UNITY_ENABLE_REFLECTION_BUFFERS UNITY_PBS_USE_BRDF1 UNITY_SPECCUBE_BOX_PROJECTION UNITY_SPECCUBE_BLENDING SHADER_API_DESKTOP UNITY_TEXTURE_ALPHASPLIT_ALLOWED ok=1
Cmd: compileSnippet
  api=15 type=1 insize=970 outsize=0 kw=DIRECTIONAL SHADOWS_OFF LIGHTMAP_OFF DIRLIGHTMAP_OFF DYNAMICLIGHTMAP_OFF _METALLICGLOSSMAP _NORMALMAP pd=UNITY_ENABLE_REFLECTION_BUFFERS UNITY_PBS_USE_BRDF1 UNITY_SPECCUBE_BOX_PROJECTION UNITY_SPECCUBE_BLENDING SHADER_API_DESKTOP UNITY_TEXTURE_ALPHASPLIT_ALLOWED ok=1
Cmd: compileSnippet
  api=15 type=0 insize=927 outsize=12144 kw=DIRECTIONAL SHADOWS_OFF _METALLICGLOSSMAP _NORMALMAP pd=UNITY_ENABLE_REFLECTION_BUFFERS UNITY_PBS_USE_BRDF1 UNITY_SPECCUBE_BOX_PROJECTION UNITY_SPECCUBE_BLENDING SHADER_API_DESKTOP UNITY_TEXTURE_ALPHASPLIT_ALLOWED ok=1
Cmd: compileSnippet
  api=15 type=1 insize=927 outsize=0 kw=DIRECTIONAL SHADOWS_OFF _METALLICGLOSSMAP _NORMALMAP pd=UNITY_ENABLE_REFLECTION_BUFFERS UNITY_PBS_USE_BRDF1 UNITY_SPECCUBE_BOX_PROJECTION UNITY_SPECCUBE_BLENDING SHADER_API_DESKTOP UNITY_TEXTURE_ALPHASPLIT_ALLOWED ok=1
Cmd: compileSnippet
  api=15 type=0 insize=970 outsize=16419 kw=DIRECTIONAL SHADOWS_OFF LIGHTMAP_OFF DIRLIGHTMAP_OFF DYNAMICLIGHTMAP_OFF _METALLICGLOSSMAP _ALPHABLEND_ON _NORMALMAP pd=UNITY_ENABLE_REFLECTION_BUFFERS UNITY_PBS_USE_BRDF1 UNITY_SPECCUBE_BOX_PROJECTION UNITY_SPECCUBE_BLENDING SHADER_API_DESKTOP UNITY_TEXTURE_ALPHASPLIT_ALLOWED ok=1
Cmd: compileSnippet
  api=15 type=1 insize=970 outsize=0 kw=DIRECTIONAL SHADOWS_OFF LIGHTMAP_OFF DIRLIGHTMAP_OFF DYNAMICLIGHTMAP_OFF _METALLICGLOSSMAP _ALPHABLEND_ON _NORMALMAP pd=UNITY_ENABLE_REFLECTION_BUFFERS UNITY_PBS_USE_BRDF1 UNITY_SPECCUBE_BOX_PROJECTION UNITY_SPECCUBE_BLENDING SHADER_API_DESKTOP UNITY_TEXTURE_ALPHASPLIT_ALLOWED ok=1
Cmd: compileSnippet
  api=15 type=0 insize=927 outsize=12156 kw=DIRECTIONAL SHADOWS_OFF _METALLICGLOSSMAP _ALPHABLEND_ON _NORMALMAP pd=UNITY_ENABLE_REFLECTION_BUFFERS UNITY_PBS_USE_BRDF1 UNITY_SPECCUBE_BOX_PROJECTION UNITY_SPECCUBE_BLENDING SHADER_API_DESKTOP UNITY_TEXTURE_ALPHASPLIT_ALLOWED ok=1
Cmd: compileSnippet
  api=15 type=1 insize=927 outsize=0 kw=DIRECTIONAL SHADOWS_OFF _METALLICGLOSSMAP _ALPHABLEND_ON _NORMALMAP pd=UNITY_ENABLE_REFLECTION_BUFFERS UNITY_PBS_USE_BRDF1 UNITY_SPECCUBE_BOX_PROJECTION UNITY_SPECCUBE_BLENDING SHADER_API_DESKTOP UNITY_TEXTURE_ALPHASPLIT_ALLOWED ok=1
Cmd: compileSnippet
  api=15 type=0 insize=970 outsize=16502 kw=DIRECTIONAL SHADOWS_OFF LIGHTMAP_OFF DIRLIGHTMAP_OFF DYNAMICLIGHTMAP_OFF _METALLICGLOSSMAP _ALPHAPREMULTIPLY_ON _NORMALMAP pd=UNITY_ENABLE_REFLECTION_BUFFERS UNITY_PBS_USE_BRDF1 UNITY_SPECCUBE_BOX_PROJECTION UNITY_SPECCUBE_BLENDING SHADER_API_DESKTOP UNITY_TEXTURE_ALPHASPLIT_ALLOWED ok=1
Cmd: compileSnippet
  api=15 type=1 insize=970 outsize=0 kw=DIRECTIONAL SHADOWS_OFF LIGHTMAP_OFF DIRLIGHTMAP_OFF DYNAMICLIGHTMAP_OFF _METALLICGLOSSMAP _ALPHAPREMULTIPLY_ON _NORMALMAP pd=UNITY_ENABLE_REFLECTION_BUFFERS UNITY_PBS_USE_BRDF1 UNITY_SPECCUBE_BOX_PROJECTION UNITY_SPECCUBE_BLENDING SHADER_API_DESKTOP UNITY_TEXTURE_ALPHASPLIT_ALLOWED ok=1
Cmd: compileSnippet
  api=15 type=0 insize=927 outsize=12207 kw=DIRECTIONAL SHADOWS_OFF _METALLICGLOSSMAP _ALPHAPREMULTIPLY_ON _NORMALMAP pd=UNITY_ENABLE_REFLECTION_BUFFERS UNITY_PBS_USE_BRDF1 UNITY_SPECCUBE_BOX_PROJECTION UNITY_SPECCUBE_BLENDING SHADER_API_DESKTOP UNITY_TEXTURE_ALPHASPLIT_ALLOWED ok=1
Cmd: compileSnippet
  api=15 type=1 insize=927 outsize=0 kw=DIRECTIONAL SHADOWS_OFF _METALLICGLOSSMAP _ALPHAPREMULTIPLY_ON _NORMALMAP pd=UNITY_ENABLE_REFLECTION_BUFFERS UNITY_PBS_USE_BRDF1 UNITY_SPECCUBE_BOX_PROJECTION UNITY_SPECCUBE_BLENDING SHADER_API_DESKTOP UNITY_TEXTURE_ALPHASPLIT_ALLOWED ok=1
